{"/Users/evgeniinazarov/Projects/unit-testing/src/App.jsx": {"path":"/Users/evgeniinazarov/Projects/unit-testing/src/App.jsx","statementMap":{"0":{"start":{"line":7,"column":28},"end":{"line":7,"column":null}},"1":{"start":{"line":9,"column":2},"end":{"line":31,"column":null}},"2":{"start":{"line":21,"column":31},"end":{"line":21,"column":63}},"3":{"start":{"line":21,"column":51},"end":{"line":21,"column":60}}},"fnMap":{"0":{"name":"App","decl":{"start":{"line":6,"column":9},"end":{"line":6,"column":15}},"loc":{"start":{"line":6,"column":15},"end":{"line":33,"column":null}}},"1":{"name":"(anonymous_1)","decl":{"start":{"line":21,"column":25},"end":{"line":21,"column":31}},"loc":{"start":{"line":21,"column":31},"end":{"line":21,"column":63}}},"2":{"name":"(anonymous_2)","decl":{"start":{"line":21,"column":40},"end":{"line":21,"column":41}},"loc":{"start":{"line":21,"column":51},"end":{"line":21,"column":60}}}},"branchMap":{},"s":{"0":0,"1":0,"2":0,"3":0},"f":{"0":0,"1":0,"2":0},"b":{}}
,"/Users/evgeniinazarov/Projects/unit-testing/src/main.jsx": {"path":"/Users/evgeniinazarov/Projects/unit-testing/src/main.jsx","statementMap":{"0":{"start":{"line":6,"column":0},"end":{"line":10,"column":null}}},"fnMap":{},"branchMap":{},"s":{"0":0},"f":{},"b":{}}
,"/Users/evgeniinazarov/Projects/unit-testing/src/assets/utils/api.js": {"path":"/Users/evgeniinazarov/Projects/unit-testing/src/assets/utils/api.js","statementMap":{"0":{"start":{"line":3,"column":20},"end":{"line":15,"column":1}},"1":{"start":{"line":4,"column":19},"end":{"line":12,"column":8}},"2":{"start":{"line":6,"column":8},"end":{"line":6,"column":35}},"3":{"start":{"line":7,"column":8},"end":{"line":7,"column":28}},"4":{"start":{"line":10,"column":8},"end":{"line":10,"column":27}},"5":{"start":{"line":11,"column":8},"end":{"line":11,"column":20}},"6":{"start":{"line":14,"column":4},"end":{"line":14,"column":17}}},"fnMap":{"0":{"name":"(anonymous_0)","decl":{"start":{"line":3,"column":20},"end":{"line":3,"column":25}},"loc":{"start":{"line":3,"column":32},"end":{"line":15,"column":1}}},"1":{"name":"(anonymous_1)","decl":{"start":{"line":5,"column":12},"end":{"line":5,"column":20}},"loc":{"start":{"line":5,"column":32},"end":{"line":8,"column":7}}},"2":{"name":"(anonymous_2)","decl":{"start":{"line":9,"column":13},"end":{"line":9,"column":21}},"loc":{"start":{"line":9,"column":30},"end":{"line":12,"column":7}}}},"branchMap":{},"s":{"0":1,"1":2,"2":1,"3":1,"4":1,"5":1,"6":2},"f":{"0":2,"1":1,"2":1},"b":{}}
,"/Users/evgeniinazarov/Projects/unit-testing/src/assets/utils/buyingPotential.js": {"path":"/Users/evgeniinazarov/Projects/unit-testing/src/assets/utils/buyingPotential.js","statementMap":{"0":{"start":{"line":6,"column":26},"end":{"line":15,"column":1}},"1":{"start":{"line":7,"column":30},"end":{"line":10,"column":6}},"2":{"start":{"line":8,"column":32},"end":{"line":8,"column":63}},"3":{"start":{"line":9,"column":8},"end":{"line":9,"column":30}},"4":{"start":{"line":12,"column":28},"end":{"line":12,"column":60}},"5":{"start":{"line":14,"column":4},"end":{"line":14,"column":26}},"6":{"start":{"line":25,"column":27},"end":{"line":30,"column":1}},"7":{"start":{"line":26,"column":50},"end":{"line":26,"column":77}},"8":{"start":{"line":27,"column":28},"end":{"line":27,"column":66}},"9":{"start":{"line":29,"column":4},"end":{"line":29,"column":26}},"10":{"start":{"line":32,"column":24},"end":{"line":42,"column":1}},"11":{"start":{"line":33,"column":25},"end":{"line":33,"column":70}},"12":{"start":{"line":34,"column":21},"end":{"line":34,"column":71}},"13":{"start":{"line":35,"column":21},"end":{"line":35,"column":73}},"14":{"start":{"line":37,"column":4},"end":{"line":41,"column":5}},"15":{"start":{"line":44,"column":25},"end":{"line":54,"column":1}},"16":{"start":{"line":45,"column":4},"end":{"line":53,"column":5}},"17":{"start":{"line":50,"column":12},"end":{"line":50,"column":23}},"18":{"start":{"line":52,"column":12},"end":{"line":52,"column":24}},"19":{"start":{"line":56,"column":26},"end":{"line":58,"column":1}},"20":{"start":{"line":57,"column":4},"end":{"line":57,"column":31}},"21":{"start":{"line":60,"column":22},"end":{"line":67,"column":1}},"22":{"start":{"line":61,"column":25},"end":{"line":61,"column":42}},"23":{"start":{"line":63,"column":4},"end":{"line":64,"column":41}},"24":{"start":{"line":64,"column":5},"end":{"line":64,"column":41}},"25":{"start":{"line":66,"column":4},"end":{"line":66,"column":23}},"26":{"start":{"line":69,"column":22},"end":{"line":84,"column":1}},"27":{"start":{"line":70,"column":16},"end":{"line":70,"column":17}},"28":{"start":{"line":72,"column":4},"end":{"line":79,"column":19}},"29":{"start":{"line":73,"column":8},"end":{"line":73,"column":17}},"30":{"start":{"line":74,"column":9},"end":{"line":79,"column":19}},"31":{"start":{"line":75,"column":8},"end":{"line":75,"column":19}},"32":{"start":{"line":76,"column":9},"end":{"line":79,"column":19}},"33":{"start":{"line":77,"column":8},"end":{"line":77,"column":19}},"34":{"start":{"line":78,"column":9},"end":{"line":79,"column":19}},"35":{"start":{"line":79,"column":8},"end":{"line":79,"column":19}},"36":{"start":{"line":81,"column":26},"end":{"line":81,"column":54}},"37":{"start":{"line":83,"column":4},"end":{"line":83,"column":46}}},"fnMap":{"0":{"name":"(anonymous_0)","decl":{"start":{"line":6,"column":26},"end":{"line":6,"column":27}},"loc":{"start":{"line":6,"column":39},"end":{"line":15,"column":1}}},"1":{"name":"(anonymous_1)","decl":{"start":{"line":7,"column":42},"end":{"line":7,"column":53}},"loc":{"start":{"line":7,"column":57},"end":{"line":10,"column":5}}},"2":{"name":"(anonymous_2)","decl":{"start":{"line":25,"column":27},"end":{"line":25,"column":28}},"loc":{"start":{"line":25,"column":43},"end":{"line":30,"column":1}}},"3":{"name":"(anonymous_3)","decl":{"start":{"line":32,"column":24},"end":{"line":32,"column":25}},"loc":{"start":{"line":32,"column":40},"end":{"line":42,"column":1}}},"4":{"name":"(anonymous_4)","decl":{"start":{"line":44,"column":25},"end":{"line":44,"column":26}},"loc":{"start":{"line":44,"column":41},"end":{"line":54,"column":1}}},"5":{"name":"(anonymous_5)","decl":{"start":{"line":56,"column":26},"end":{"line":56,"column":27}},"loc":{"start":{"line":56,"column":47},"end":{"line":58,"column":1}}},"6":{"name":"(anonymous_6)","decl":{"start":{"line":60,"column":22},"end":{"line":60,"column":23}},"loc":{"start":{"line":60,"column":44},"end":{"line":67,"column":1}}},"7":{"name":"(anonymous_7)","decl":{"start":{"line":69,"column":22},"end":{"line":69,"column":23}},"loc":{"start":{"line":69,"column":43},"end":{"line":84,"column":1}}}},"branchMap":{"0":{"loc":{"start":{"line":45,"column":4},"end":{"line":53,"column":5}},"type":"switch","locations":[{"start":{"line":46,"column":8},"end":{"line":46,"column":25}},{"start":{"line":47,"column":8},"end":{"line":47,"column":23}},{"start":{"line":48,"column":8},"end":{"line":48,"column":23}},{"start":{"line":49,"column":8},"end":{"line":50,"column":23}},{"start":{"line":51,"column":8},"end":{"line":52,"column":24}}]},"1":{"loc":{"start":{"line":63,"column":4},"end":{"line":64,"column":41}},"type":"if","locations":[{"start":{"line":63,"column":4},"end":{"line":64,"column":41}},{"start":{"line":63,"column":4},"end":{"line":64,"column":41}}]},"2":{"loc":{"start":{"line":72,"column":4},"end":{"line":79,"column":19}},"type":"if","locations":[{"start":{"line":72,"column":4},"end":{"line":79,"column":19}},{"start":{"line":74,"column":9},"end":{"line":79,"column":19}}]},"3":{"loc":{"start":{"line":72,"column":8},"end":{"line":72,"column":27}},"type":"binary-expr","locations":[{"start":{"line":72,"column":8},"end":{"line":72,"column":15}},{"start":{"line":72,"column":19},"end":{"line":72,"column":27}}]},"4":{"loc":{"start":{"line":74,"column":9},"end":{"line":79,"column":19}},"type":"if","locations":[{"start":{"line":74,"column":9},"end":{"line":79,"column":19}},{"start":{"line":76,"column":9},"end":{"line":79,"column":19}}]},"5":{"loc":{"start":{"line":74,"column":13},"end":{"line":74,"column":34}},"type":"binary-expr","locations":[{"start":{"line":74,"column":13},"end":{"line":74,"column":22}},{"start":{"line":74,"column":26},"end":{"line":74,"column":34}}]},"6":{"loc":{"start":{"line":76,"column":9},"end":{"line":79,"column":19}},"type":"if","locations":[{"start":{"line":76,"column":9},"end":{"line":79,"column":19}},{"start":{"line":78,"column":9},"end":{"line":79,"column":19}}]},"7":{"loc":{"start":{"line":76,"column":13},"end":{"line":76,"column":34}},"type":"binary-expr","locations":[{"start":{"line":76,"column":13},"end":{"line":76,"column":22}},{"start":{"line":76,"column":26},"end":{"line":76,"column":34}}]},"8":{"loc":{"start":{"line":78,"column":9},"end":{"line":79,"column":19}},"type":"if","locations":[{"start":{"line":78,"column":9},"end":{"line":79,"column":19}},{"start":{"line":78,"column":9},"end":{"line":79,"column":19}}]},"9":{"loc":{"start":{"line":78,"column":13},"end":{"line":78,"column":35}},"type":"binary-expr","locations":[{"start":{"line":78,"column":13},"end":{"line":78,"column":22}},{"start":{"line":78,"column":26},"end":{"line":78,"column":35}}]},"10":{"loc":{"start":{"line":83,"column":11},"end":{"line":83,"column":46}},"type":"cond-expr","locations":[{"start":{"line":83,"column":27},"end":{"line":83,"column":38}},{"start":{"line":83,"column":41},"end":{"line":83,"column":46}}]}},"s":{"0":1,"1":0,"2":0,"3":0,"4":0,"5":0,"6":1,"7":0,"8":0,"9":0,"10":1,"11":0,"12":0,"13":0,"14":0,"15":1,"16":2,"17":0,"18":2,"19":1,"20":0,"21":1,"22":0,"23":0,"24":0,"25":0,"26":1,"27":2,"28":2,"29":1,"30":1,"31":1,"32":0,"33":0,"34":0,"35":0,"36":2,"37":2},"f":{"0":0,"1":0,"2":0,"3":0,"4":2,"5":0,"6":0,"7":2},"b":{"0":[0,0,0,0,2],"1":[0,0],"2":[1,1],"3":[2,2],"4":[1,0],"5":[1,1],"6":[0,0],"7":[0,0],"8":[0,0],"9":[0,0],"10":[0,2]}}
,"/Users/evgeniinazarov/Projects/unit-testing/src/assets/utils/creditScore.js": {"path":"/Users/evgeniinazarov/Projects/unit-testing/src/assets/utils/creditScore.js","statementMap":{"0":{"start":{"line":1,"column":28},"end":{"line":6,"column":1}},"1":{"start":{"line":2,"column":28},"end":{"line":2,"column":62}},"2":{"start":{"line":4,"column":29},"end":{"line":4,"column":67}},"3":{"start":{"line":5,"column":4},"end":{"line":5,"column":27}},"4":{"start":{"line":8,"column":29},"end":{"line":12,"column":1}},"5":{"start":{"line":9,"column":27},"end":{"line":9,"column":54}},"6":{"start":{"line":11,"column":4},"end":{"line":11,"column":45}},"7":{"start":{"line":14,"column":30},"end":{"line":24,"column":1}},"8":{"start":{"line":15,"column":4},"end":{"line":23,"column":19}},"9":{"start":{"line":16,"column":8},"end":{"line":16,"column":16}},"10":{"start":{"line":17,"column":9},"end":{"line":23,"column":19}},"11":{"start":{"line":18,"column":8},"end":{"line":18,"column":18}},"12":{"start":{"line":19,"column":9},"end":{"line":23,"column":19}},"13":{"start":{"line":20,"column":8},"end":{"line":20,"column":16}},"14":{"start":{"line":21,"column":9},"end":{"line":23,"column":19}},"15":{"start":{"line":22,"column":8},"end":{"line":22,"column":18}},"16":{"start":{"line":23,"column":9},"end":{"line":23,"column":19}}},"fnMap":{"0":{"name":"(anonymous_0)","decl":{"start":{"line":1,"column":28},"end":{"line":1,"column":29}},"loc":{"start":{"line":1,"column":46},"end":{"line":6,"column":1}}},"1":{"name":"(anonymous_1)","decl":{"start":{"line":8,"column":29},"end":{"line":8,"column":30}},"loc":{"start":{"line":8,"column":47},"end":{"line":12,"column":1}}},"2":{"name":"(anonymous_2)","decl":{"start":{"line":14,"column":30},"end":{"line":14,"column":31}},"loc":{"start":{"line":14,"column":47},"end":{"line":24,"column":1}}}},"branchMap":{"0":{"loc":{"start":{"line":15,"column":4},"end":{"line":23,"column":19}},"type":"if","locations":[{"start":{"line":15,"column":4},"end":{"line":23,"column":19}},{"start":{"line":17,"column":9},"end":{"line":23,"column":19}}]},"1":{"loc":{"start":{"line":15,"column":8},"end":{"line":15,"column":44}},"type":"binary-expr","locations":[{"start":{"line":15,"column":8},"end":{"line":15,"column":23}},{"start":{"line":15,"column":27},"end":{"line":15,"column":44}}]},"2":{"loc":{"start":{"line":17,"column":9},"end":{"line":23,"column":19}},"type":"if","locations":[{"start":{"line":17,"column":9},"end":{"line":23,"column":19}},{"start":{"line":19,"column":9},"end":{"line":23,"column":19}}]},"3":{"loc":{"start":{"line":17,"column":13},"end":{"line":17,"column":52}},"type":"binary-expr","locations":[{"start":{"line":17,"column":13},"end":{"line":17,"column":31}},{"start":{"line":17,"column":35},"end":{"line":17,"column":52}}]},"4":{"loc":{"start":{"line":19,"column":9},"end":{"line":23,"column":19}},"type":"if","locations":[{"start":{"line":19,"column":9},"end":{"line":23,"column":19}},{"start":{"line":21,"column":9},"end":{"line":23,"column":19}}]},"5":{"loc":{"start":{"line":19,"column":13},"end":{"line":19,"column":52}},"type":"binary-expr","locations":[{"start":{"line":19,"column":13},"end":{"line":19,"column":31}},{"start":{"line":19,"column":35},"end":{"line":19,"column":52}}]},"6":{"loc":{"start":{"line":21,"column":9},"end":{"line":23,"column":19}},"type":"if","locations":[{"start":{"line":21,"column":9},"end":{"line":23,"column":19}},{"start":{"line":23,"column":9},"end":{"line":23,"column":19}}]},"7":{"loc":{"start":{"line":21,"column":13},"end":{"line":21,"column":52}},"type":"binary-expr","locations":[{"start":{"line":21,"column":13},"end":{"line":21,"column":31}},{"start":{"line":21,"column":35},"end":{"line":21,"column":52}}]}},"s":{"0":0,"1":0,"2":0,"3":0,"4":0,"5":0,"6":0,"7":0,"8":0,"9":0,"10":0,"11":0,"12":0,"13":0,"14":0,"15":0,"16":0},"f":{"0":0,"1":0,"2":0},"b":{"0":[0,0],"1":[0,0],"2":[0,0],"3":[0,0],"4":[0,0],"5":[0,0],"6":[0,0],"7":[0,0]}}
,"/Users/evgeniinazarov/Projects/unit-testing/src/assets/utils/helper.js": {"path":"/Users/evgeniinazarov/Projects/unit-testing/src/assets/utils/helper.js","statementMap":{"0":{"start":{"line":1,"column":22},"end":{"line":5,"column":1}},"1":{"start":{"line":2,"column":4},"end":{"line":4,"column":20}},"2":{"start":{"line":3,"column":4},"end":{"line":3,"column":22}},"3":{"start":{"line":4,"column":9},"end":{"line":4,"column":20}},"4":{"start":{"line":7,"column":23},"end":{"line":9,"column":1}},"5":{"start":{"line":8,"column":4},"end":{"line":8,"column":86}},"6":{"start":{"line":8,"column":55},"end":{"line":8,"column":82}},"7":{"start":{"line":11,"column":27},"end":{"line":13,"column":1}},"8":{"start":{"line":12,"column":4},"end":{"line":12,"column":22}},"9":{"start":{"line":15,"column":22},"end":{"line":19,"column":1}},"10":{"start":{"line":16,"column":16},"end":{"line":16,"column":66}},"11":{"start":{"line":16,"column":47},"end":{"line":16,"column":62}},"12":{"start":{"line":18,"column":4},"end":{"line":18,"column":14}}},"fnMap":{"0":{"name":"(anonymous_0)","decl":{"start":{"line":1,"column":22},"end":{"line":1,"column":23}},"loc":{"start":{"line":1,"column":38},"end":{"line":5,"column":1}}},"1":{"name":"(anonymous_1)","decl":{"start":{"line":7,"column":23},"end":{"line":7,"column":24}},"loc":{"start":{"line":7,"column":36},"end":{"line":9,"column":1}}},"2":{"name":"(anonymous_2)","decl":{"start":{"line":8,"column":23},"end":{"line":8,"column":24}},"loc":{"start":{"line":8,"column":55},"end":{"line":8,"column":82}}},"3":{"name":"(anonymous_3)","decl":{"start":{"line":11,"column":27},"end":{"line":11,"column":28}},"loc":{"start":{"line":11,"column":43},"end":{"line":13,"column":1}}},"4":{"name":"(anonymous_4)","decl":{"start":{"line":15,"column":22},"end":{"line":15,"column":23}},"loc":{"start":{"line":15,"column":33},"end":{"line":19,"column":1}}},"5":{"name":"(anonymous_5)","decl":{"start":{"line":16,"column":34},"end":{"line":16,"column":43}},"loc":{"start":{"line":16,"column":47},"end":{"line":16,"column":62}}}},"branchMap":{"0":{"loc":{"start":{"line":2,"column":4},"end":{"line":4,"column":20}},"type":"if","locations":[{"start":{"line":2,"column":4},"end":{"line":4,"column":20}},{"start":{"line":4,"column":9},"end":{"line":4,"column":20}}]},"1":{"loc":{"start":{"line":2,"column":8},"end":{"line":2,"column":60}},"type":"binary-expr","locations":[{"start":{"line":2,"column":8},"end":{"line":2,"column":32}},{"start":{"line":2,"column":36},"end":{"line":2,"column":60}}]}},"s":{"0":1,"1":2,"2":1,"3":1,"4":1,"5":1,"6":3,"7":1,"8":0,"9":1,"10":0,"11":0,"12":0},"f":{"0":2,"1":1,"2":3,"3":0,"4":0,"5":0},"b":{"0":[1,1],"1":[2,2]}}
,"/Users/evgeniinazarov/Projects/unit-testing/src/assets/utils/monthlyPayments.js": {"path":"/Users/evgeniinazarov/Projects/unit-testing/src/assets/utils/monthlyPayments.js","statementMap":{"0":{"start":{"line":16,"column":29},"end":{"line":25,"column":1}},"1":{"start":{"line":17,"column":33},"end":{"line":17,"column":59}},"2":{"start":{"line":19,"column":25},"end":{"line":19,"column":66}},"3":{"start":{"line":19,"column":47},"end":{"line":19,"column":65}},"4":{"start":{"line":20,"column":29},"end":{"line":20,"column":62}},"5":{"start":{"line":22,"column":27},"end":{"line":22,"column":92}},"6":{"start":{"line":24,"column":4},"end":{"line":24,"column":25}},"7":{"start":{"line":27,"column":26},"end":{"line":34,"column":1}},"8":{"start":{"line":28,"column":37},"end":{"line":28,"column":88}},"9":{"start":{"line":30,"column":4},"end":{"line":31,"column":48}},"10":{"start":{"line":31,"column":8},"end":{"line":31,"column":48}},"11":{"start":{"line":33,"column":4},"end":{"line":33,"column":38}}},"fnMap":{"0":{"name":"(anonymous_0)","decl":{"start":{"line":16,"column":29},"end":{"line":16,"column":30}},"loc":{"start":{"line":16,"column":50},"end":{"line":25,"column":1}}},"1":{"name":"(anonymous_1)","decl":{"start":{"line":19,"column":37},"end":{"line":19,"column":43}},"loc":{"start":{"line":19,"column":47},"end":{"line":19,"column":65}}},"2":{"name":"(anonymous_2)","decl":{"start":{"line":27,"column":26},"end":{"line":27,"column":27}},"loc":{"start":{"line":27,"column":71},"end":{"line":34,"column":1}}}},"branchMap":{"0":{"loc":{"start":{"line":30,"column":4},"end":{"line":31,"column":48}},"type":"if","locations":[{"start":{"line":30,"column":4},"end":{"line":31,"column":48}},{"start":{"line":30,"column":4},"end":{"line":31,"column":48}}]}},"s":{"0":0,"1":0,"2":0,"3":0,"4":0,"5":0,"6":0,"7":0,"8":0,"9":0,"10":0,"11":0},"f":{"0":0,"1":0,"2":0},"b":{"0":[0,0]}}
}
